<?xml version="1.0" encoding="utf-8"?><testsuites name="pytest tests"><testsuite name="pytest" errors="0" failures="0" skipped="0" tests="9" time="12.017" timestamp="2026-03-16T05:16:20.769061+00:00" hostname="agent-env-41b082f5-95ab-4e6a-9626-91322d9b2d79"><testcase classname="backend.tests.test_pins_api" name="test_api_root_health" time="0.148" /><testcase classname="backend.tests.test_pins_api" name="test_generate_rejects_missing_columns" time="0.056" /><testcase classname="backend.tests.test_pins_api" name="test_generate_supports_template_and_text_position" time="0.197" /><testcase classname="backend.tests.test_pins_api" name="test_generate_accepts_xlsx_upload" time="3.747" /><testcase classname="backend.tests.test_pins_api" name="test_get_pins_persistence" time="7.171" /><testcase classname="backend.tests.test_pins_api" name="test_get_progress" time="0.052" /><testcase classname="backend.tests.test_pins_api" name="test_download_individual_pin" time="0.106" /><testcase classname="backend.tests.test_pins_api" name="test_download_zip_for_session" time="0.118" /><testcase classname="backend.tests.test_pins_api" name="test_export_metadata_csv_and_json" time="0.106" /></testsuite></testsuites>